<?xml version="1.0" encoding="UTF-8" ?>
<testsuite tests="2" failures="1" name="com.facebook.TestCases.LoginPageTest" time="5.137" errors="0" skipped="0">
  <properties>
[...]
</properties>
  <testcase classname="com.facebook.TestCases.LoginPageTest" name="verifyLoginTest" time="5.055"/>
  <testcase classname="com.facebook.TestCases.LoginPageTest" name="verifyTitleTest" time="0.082">
    <failure message="expected [Facebook – log in or sign up] but found [Log in to Facebook | Facebook]" type="java.lang.AssertionError">java.lang.AssertionError: expected [Facebook – log in or sign up] but found [Log in to Facebook | Facebook]
	at org.testng.Assert.fail(Assert.java:96)
	at org.testng.Assert.failNotEquals(Assert.java:776)
	at org.testng.Assert.assertEqualsImpl(Assert.java:137)
	at org.testng.Assert.assertEquals(Assert.java:118)
	at org.testng.Assert.assertEquals(Assert.java:453)
	at org.testng.Assert.assertEquals(Assert.java:463)
	at com.facebook.TestCases.LoginPageTest.verifyTitleTest(LoginPageTest.java:32)
</failure>
  </testcase>
</testsuite>