<?xml version="1.0" encoding="UTF-8"?>
<testng-results skipped="0" failed="0" ignored="0" total="2" passed="2">
  <reporter-output>
  </reporter-output>
  <suite name="Suite" duration-ms="9568" started-at="2019-01-29T10:46:37Z" finished-at="2019-01-29T10:46:47Z">
    <groups>
    </groups>
    <test name="Test" duration-ms="9568" started-at="2019-01-29T10:46:37Z" finished-at="2019-01-29T10:46:47Z">
      <class name="com.facebook.TestCases.LoginPageTest">
        <test-method status="PASS" signature="setUp()[pri:0, instance:com.facebook.TestCases.LoginPageTest@1fa1d9b]" name="setUp" is-config="true" duration-ms="17349" started-at="2019-01-29T10:46:20Z" finished-at="2019-01-29T10:46:37Z">
          <reporter-output>
          </reporter-output>
        </test-method> <!-- setUp -->
        <test-method status="PASS" signature="verifyTitleTest()[pri:0, instance:com.facebook.TestCases.LoginPageTest@1fa1d9b]" name="verifyTitleTest" duration-ms="43" started-at="2019-01-29T10:46:38Z" finished-at="2019-01-29T10:46:38Z">
          <reporter-output>
          </reporter-output>
        </test-method> <!-- verifyTitleTest -->
        <test-method status="PASS" signature="verifyLoginTest()[pri:0, instance:com.facebook.TestCases.LoginPageTest@1fa1d9b]" name="verifyLoginTest" duration-ms="9446" started-at="2019-01-29T10:46:38Z" finished-at="2019-01-29T10:46:47Z">
          <reporter-output>
          </reporter-output>
        </test-method> <!-- verifyLoginTest -->
        <test-method status="PASS" signature="tearDown()[pri:0, instance:com.facebook.TestCases.LoginPageTest@1fa1d9b]" name="tearDown" is-config="true" duration-ms="885" started-at="2019-01-29T10:46:47Z" finished-at="2019-01-29T10:46:48Z">
          <reporter-output>
          </reporter-output>
        </test-method> <!-- tearDown -->
      </class> <!-- com.facebook.TestCases.LoginPageTest -->
    </test> <!-- Test -->
  </suite> <!-- Suite -->
</testng-results>
