<?xml version="1.0" encoding="UTF-8"?>
<!-- Generated by org.testng.reporters.JUnitXMLReporter -->
<testsuite hostname="Sampada-PC" ignored="0" name="Command line test" tests="2" failures="1" timestamp="13 Sep 2018 03:46:36 GMT" time="5.273" errors="0">
  <testcase name="verifyLoginTest" time="5.035" classname="com.facebook.TestCases.LoginPageTest"/>
  <testcase name="verifyTitleTest" time="0.076" classname="com.facebook.TestCases.LoginPageTest">
    <failure type="java.lang.AssertionError" message="expected [Facebook – log in or sign up] but found [Log in to Facebook | Facebook]">
      <![CDATA[java.lang.AssertionError: expected [Facebook – log in or sign up] but found [Log in to Facebook | Facebook]
at com.facebook.TestCases.LoginPageTest.verifyTitleTest(LoginPageTest.java:32)
... Removed 40 stack frames]]>
    </failure>
  </testcase> <!-- verifyTitleTest -->
</testsuite> <!-- Command line test -->
